<?xml version="1.0" encoding="UTF-8"?>
<testng-results skipped="0" failed="1" total="2" passed="1">
  <reporter-output>
  </reporter-output>
  <suite name="Suite" duration-ms="62613" started-at="2016-11-09T00:51:20Z" finished-at="2016-11-09T00:52:23Z">
    <groups>
    </groups>
    <test name="Test" duration-ms="62613" started-at="2016-11-09T00:51:20Z" finished-at="2016-11-09T00:52:23Z">
      <class name="com.automation.facebook.MavenFacebook.NonMatchingMobileNumber">
        <test-method status="PASS" signature="beforeClass()[pri:0, instance:com.automation.facebook.MavenFacebook.NonMatchingMobileNumber@4a3be6a5]" name="beforeClass" is-config="true" duration-ms="2970" started-at="2016-11-08T19:51:47Z" finished-at="2016-11-08T19:51:50Z">
          <reporter-output>
          </reporter-output>
        </test-method> <!-- beforeClass -->
        <test-method status="FAIL" signature="nonMatchingMobileNumberError()[pri:0, instance:com.automation.facebook.MavenFacebook.NonMatchingMobileNumber@4a3be6a5]" name="nonMatchingMobileNumberError" duration-ms="31839" started-at="2016-11-08T19:51:50Z" finished-at="2016-11-08T19:52:22Z">
          <exception class="java.util.NoSuchElementException">
            <message>
              <![CDATA[Specified Element is not found]]>
            </message>
            <full-stacktrace>
              <![CDATA[java.util.NoSuchElementException: Specified Element is not found
	at com.automation.facebook.MavenFacebook.BasePage.assertEqualsTo(BasePage.java:90)
	at com.automation.facebook.MavenFacebook.HomePage.enterNonMatchingNumber(HomePage.java:61)
	at com.automation.facebook.MavenFacebook.NonMatchingMobileNumber.nonMatchingMobileNumberError(NonMatchingMobileNumber.java:17)
	at sun.reflect.NativeMethodAccessorImpl.invoke0(Native Method)
	at sun.reflect.NativeMethodAccessorImpl.invoke(NativeMethodAccessorImpl.java:62)
	at sun.reflect.DelegatingMethodAccessorImpl.invoke(DelegatingMethodAccessorImpl.java:43)
	at java.lang.reflect.Method.invoke(Method.java:498)
	at org.testng.internal.MethodInvocationHelper.invokeMethod(MethodInvocationHelper.java:100)
	at org.testng.internal.Invoker.invokeMethod(Invoker.java:646)
	at org.testng.internal.Invoker.invokeTestMethod(Invoker.java:811)
	at org.testng.internal.Invoker.invokeTestMethods(Invoker.java:1137)
	at org.testng.internal.TestMethodWorker.invokeTestMethods(TestMethodWorker.java:129)
	at org.testng.internal.TestMethodWorker.run(TestMethodWorker.java:112)
	at org.testng.TestRunner.privateRun(TestRunner.java:753)
	at org.testng.TestRunner.run(TestRunner.java:607)
	at org.testng.SuiteRunner.runTest(SuiteRunner.java:368)
	at org.testng.SuiteRunner.runSequentially(SuiteRunner.java:363)
	at org.testng.SuiteRunner.privateRun(SuiteRunner.java:321)
	at org.testng.SuiteRunner.run(SuiteRunner.java:270)
	at org.testng.SuiteRunnerWorker.runSuite(SuiteRunnerWorker.java:52)
	at org.testng.SuiteRunnerWorker.run(SuiteRunnerWorker.java:86)
	at org.testng.TestNG.runSuitesSequentially(TestNG.java:1284)
	at org.testng.TestNG.runSuitesLocally(TestNG.java:1209)
	at org.testng.TestNG.runSuites(TestNG.java:1124)
	at org.testng.TestNG.run(TestNG.java:1096)
	at org.apache.maven.surefire.testng.TestNGExecutor.run(TestNGExecutor.java:295)
	at org.apache.maven.surefire.testng.TestNGXmlTestSuite.execute(TestNGXmlTestSuite.java:84)
	at org.apache.maven.surefire.testng.TestNGProvider.invoke(TestNGProvider.java:90)
	at org.apache.maven.surefire.booter.ForkedBooter.invokeProviderInSameClassLoader(ForkedBooter.java:203)
	at org.apache.maven.surefire.booter.ForkedBooter.runSuitesInProcess(ForkedBooter.java:155)
	at org.apache.maven.surefire.booter.ForkedBooter.main(ForkedBooter.java:103)
]]>
            </full-stacktrace>
          </exception> <!-- java.util.NoSuchElementException -->
          <reporter-output>
          </reporter-output>
        </test-method> <!-- nonMatchingMobileNumberError -->
        <test-method status="PASS" signature="tearDown()[pri:0, instance:com.automation.facebook.MavenFacebook.NonMatchingMobileNumber@4a3be6a5]" name="tearDown" is-config="true" duration-ms="225" started-at="2016-11-08T19:52:22Z" finished-at="2016-11-08T19:52:23Z">
          <reporter-output>
          </reporter-output>
        </test-method> <!-- tearDown -->
      </class> <!-- com.automation.facebook.MavenFacebook.NonMatchingMobileNumber -->
      <class name="com.automation.facebook.MavenFacebook.LeaveComment">
        <test-method status="PASS" signature="beforeClass()[pri:0, instance:com.automation.facebook.MavenFacebook.LeaveComment@2f7dcef2]" name="beforeClass" is-config="true" duration-ms="5446" started-at="2016-11-08T19:51:20Z" finished-at="2016-11-08T19:51:25Z">
          <reporter-output>
          </reporter-output>
        </test-method> <!-- beforeClass -->
        <test-method status="PASS" signature="leaveComment()[pri:0, instance:com.automation.facebook.MavenFacebook.LeaveComment@2f7dcef2]" name="leaveComment" duration-ms="21392" started-at="2016-11-08T19:51:25Z" finished-at="2016-11-08T19:51:47Z">
          <reporter-output>
          </reporter-output>
        </test-method> <!-- leaveComment -->
        <test-method status="PASS" signature="tearDown()[pri:0, instance:com.automation.facebook.MavenFacebook.LeaveComment@2f7dcef2]" name="tearDown" is-config="true" duration-ms="234" started-at="2016-11-08T19:51:47Z" finished-at="2016-11-08T19:51:47Z">
          <reporter-output>
          </reporter-output>
        </test-method> <!-- tearDown -->
      </class> <!-- com.automation.facebook.MavenFacebook.LeaveComment -->
    </test> <!-- Test -->
  </suite> <!-- Suite -->
</testng-results>
