<?xml version="1.0" encoding="UTF-8"?>
<testsuite name="TestSuite" time="53.29" tests="2" errors="0" skipped="0" failures="1">
  <properties>
[...]
</properties>
  <testcase name="leaveComment" classname="com.automation.facebook.MavenFacebook.LeaveComment" time="21.392"/>
  <testcase name="nonMatchingMobileNumberError" classname="com.automation.facebook.MavenFacebook.NonMatchingMobileNumber" time="31.898">
    <failure message="Specified Element is not found" type="java.util.NoSuchElementException">java.util.NoSuchElementException: Specified Element is not found
	at com.automation.facebook.MavenFacebook.BasePage.assertEqualsTo(BasePage.java:90)
	at com.automation.facebook.MavenFacebook.HomePage.enterNonMatchingNumber(HomePage.java:61)
	at com.automation.facebook.MavenFacebook.NonMatchingMobileNumber.nonMatchingMobileNumberError(NonMatchingMobileNumber.java:17)
</failure>
    <system-err><![CDATA[Starting ChromeDriver 2.24.417412 (ac882d3ce7c0d99292439bf3405780058fcca0a6) on port 28776
Only local connections are allowed.
Nov 08, 2016 7:51:48 PM org.openqa.selenium.remote.ProtocolHandshake createSession
INFO: Attempting bi-dialect session, assuming Postel's Law holds true on the remote end
Nov 08, 2016 7:51:49 PM org.openqa.selenium.remote.ProtocolHandshake createSession
INFO: Detected dialect: OSS
org.openqa.selenium.NoSuchElementException: no such element: Unable to locate element: {"method":"id","selector":"js_1"}
  (Session info: chrome=54.0.2840.71)
  (Driver info: chromedriver=2.24.417412 (ac882d3ce7c0d99292439bf3405780058fcca0a6),platform=Mac OS X 10.12.0 x86_64) (WARNING: The server did not provide any stacktrace information)
Command duration or timeout: 10.24 seconds
For documentation on this error, please visit: http://seleniumhq.org/exceptions/no_such_element.html
Build info: version: '3.0.1', revision: '1969d75', time: '2016-10-18 09:49:13 -0700'
System info: host: 'Arifs-MacBook-Pro.local', ip: '192.168.14.247', os.name: 'Mac OS X', os.arch: 'x86_64', os.version: '10.12', java.version: '1.8.0_101'
Driver info: org.openqa.selenium.chrome.ChromeDriver
Capabilities [{applicationCacheEnabled=false, rotatable=false, mobileEmulationEnabled=false, networkConnectionEnabled=false, chrome={chromedriverVersion=2.24.417412 (ac882d3ce7c0d99292439bf3405780058fcca0a6), userDataDir=/var/folders/4t/jghwpg3923s7frvscmd4r6t80000gn/T/.org.chromium.Chromium.0jzfQo}, takesHeapSnapshot=true, pageLoadStrategy=normal, databaseEnabled=false, handlesAlerts=true, hasTouchScreen=false, version=54.0.2840.71, platform=MAC, browserConnectionEnabled=false, nativeEvents=true, acceptSslCerts=true, locationContextEnabled=true, webStorageEnabled=true, browserName=chrome, takesScreenshot=true, javascriptEnabled=true, cssSelectorsEnabled=true}]
Session ID: 1e580876133868ae6fae1813f9966f80
*** Element info: {Using=id, value=js_1}
	at sun.reflect.NativeConstructorAccessorImpl.newInstance0(Native Method)
	at sun.reflect.NativeConstructorAccessorImpl.newInstance(NativeConstructorAccessorImpl.java:62)
	at sun.reflect.DelegatingConstructorAccessorImpl.newInstance(DelegatingConstructorAccessorImpl.java:45)
	at java.lang.reflect.Constructor.newInstance(Constructor.java:423)
	at org.openqa.selenium.remote.ErrorHandler.createThrowable(ErrorHandler.java:216)
	at org.openqa.selenium.remote.ErrorHandler.throwIfResponseFailed(ErrorHandler.java:168)
	at org.openqa.selenium.remote.RemoteWebDriver.execute(RemoteWebDriver.java:635)
	at org.openqa.selenium.remote.RemoteWebDriver.findElement(RemoteWebDriver.java:368)
	at org.openqa.selenium.remote.RemoteWebDriver.findElementById(RemoteWebDriver.java:417)
	at org.openqa.selenium.By$ById.findElement(By.java:218)
	at org.openqa.selenium.remote.RemoteWebDriver.findElement(RemoteWebDriver.java:360)
	at com.automation.facebook.MavenFacebook.BasePage.assertEqualsTo(BasePage.java:83)
	at com.automation.facebook.MavenFacebook.HomePage.enterNonMatchingNumber(HomePage.java:61)
	at com.automation.facebook.MavenFacebook.NonMatchingMobileNumber.nonMatchingMobileNumberError(NonMatchingMobileNumber.java:17)
	at sun.reflect.NativeMethodAccessorImpl.invoke0(Native Method)
	at sun.reflect.NativeMethodAccessorImpl.invoke(NativeMethodAccessorImpl.java:62)
	at sun.reflect.DelegatingMethodAccessorImpl.invoke(DelegatingMethodAccessorImpl.java:43)
	at java.lang.reflect.Method.invoke(Method.java:498)
	at org.testng.internal.MethodInvocationHelper.invokeMethod(MethodInvocationHelper.java:100)
	at org.testng.internal.Invoker.invokeMethod(Invoker.java:646)
	at org.testng.internal.Invoker.invokeTestMethod(Invoker.java:811)
	at org.testng.internal.Invoker.invokeTestMethods(Invoker.java:1137)
	at org.testng.internal.TestMethodWorker.invokeTestMethods(TestMethodWorker.java:129)
	at org.testng.internal.TestMethodWorker.run(TestMethodWorker.java:112)
	at org.testng.TestRunner.privateRun(TestRunner.java:753)
	at org.testng.TestRunner.run(TestRunner.java:607)
	at org.testng.SuiteRunner.runTest(SuiteRunner.java:368)
	at org.testng.SuiteRunner.runSequentially(SuiteRunner.java:363)
	at org.testng.SuiteRunner.privateRun(SuiteRunner.java:321)
	at org.testng.SuiteRunner.run(SuiteRunner.java:270)
	at org.testng.SuiteRunnerWorker.runSuite(SuiteRunnerWorker.java:52)
	at org.testng.SuiteRunnerWorker.run(SuiteRunnerWorker.java:86)
	at org.testng.TestNG.runSuitesSequentially(TestNG.java:1284)
	at org.testng.TestNG.runSuitesLocally(TestNG.java:1209)
	at org.testng.TestNG.runSuites(TestNG.java:1124)
	at org.testng.TestNG.run(TestNG.java:1096)
	at org.apache.maven.surefire.testng.TestNGExecutor.run(TestNGExecutor.java:295)
	at org.apache.maven.surefire.testng.TestNGXmlTestSuite.execute(TestNGXmlTestSuite.java:84)
	at org.apache.maven.surefire.testng.TestNGProvider.invoke(TestNGProvider.java:90)
	at org.apache.maven.surefire.booter.ForkedBooter.invokeProviderInSameClassLoader(ForkedBooter.java:203)
	at org.apache.maven.surefire.booter.ForkedBooter.runSuitesInProcess(ForkedBooter.java:155)
	at org.apache.maven.surefire.booter.ForkedBooter.main(ForkedBooter.java:103)
]]></system-err>
  </testcase>
</testsuite>