<?xml version="1.0" encoding="UTF-8"?>
<!-- Generated by org.testng.reporters.JUnitXMLReporter -->
<testsuite hostname="Arifs-MBP.fios-router.home" name="Test" tests="8" failures="0" timestamp="5 Nov 2016 00:06:33 GMT" time="59.993" errors="0">
  <testcase name="searchAndSelectCareer" time="5.095" classname="com.automation.facebook.MavenFacebook.searchCareers"/>
  <testcase name="leaveComment" time="12.904" classname="com.automation.facebook.MavenFacebook.LeaveComment"/>
  <testcase name="notesPageVerification" time="6.155" classname="com.automation.facebook.MavenFacebook.Notes"/>
  <testcase name="assertShareArticleError" time="2.298" classname="com.automation.facebook.MavenFacebook.ShareArticle"/>
  <testcase name="goToManhattanPage" time="5.299" classname="com.automation.facebook.MavenFacebook.VerifyManhattan"/>
  <testcase name="assertPublicInfo" time="3.494" classname="com.automation.facebook.MavenFacebook.AssertPublicInfo"/>
  <testcase name="selectSoccerStars" time="3.319" classname="com.automation.facebook.MavenFacebook.SelectSoccerStars"/>
  <testcase name="nonMatchingMobileNumberError" time="1.002" classname="com.automation.facebook.MavenFacebook.NonMatchingMobileNumber"/>
</testsuite> <!-- Test -->
